TN:
SF:src/schema.js
FN:10,parseSchema
FN:23,JSONSchema
FN:40,removeDuplicateInfo
FNF:3
FNH:3
FNDA:1,parseSchema
FNDA:1,JSONSchema
FNDA:1,removeDuplicateInfo
DA:1,1
DA:2,1
DA:3,1
DA:4,1
DA:5,1
DA:6,1
DA:7,1
DA:8,1
DA:9,1
DA:10,1
DA:11,1
DA:12,1
DA:13,1
DA:14,1
DA:15,1
DA:16,1
DA:17,1
DA:18,1
DA:19,1
DA:20,1
DA:21,1
DA:22,1
DA:23,1
DA:24,1
DA:25,1
DA:26,1
DA:27,1
DA:28,1
DA:29,2
DA:30,2
DA:31,1
DA:32,1
DA:33,1
DA:34,1
DA:35,1
DA:36,1
DA:37,1
DA:38,1
DA:39,1
DA:40,1
DA:41,1
DA:42,1
DA:43,2
DA:44,2
DA:45,2
DA:46,2
DA:47,2
DA:48,2
DA:49,1
DA:50,1
DA:51,1
DA:52,1
LF:52
LH:52
BRDA:10,0,0,1
BRDA:23,1,0,1
BRDA:28,2,0,2
BRDA:40,3,0,1
BRDA:42,4,0,2
BRDA:45,5,0,0
BRF:6
BRH:5
end_of_record
